(0000) 3000  0011000000000000 (  10)                 .ORIG x3000
(3000) A034  1010000000110100 (  11)                 LDI   R0 X
(3001) A234  1010001000110100 (  12)                 LDI   R1 Y
(3002) 4804  0100100000000100 (  13)                 JSR   MULT
(3003) A031  1010000000110001 (  14)                 LDI   R0 X
(3004) A231  1010001000110001 (  15)                 LDI   R1 Y
(3005) 4819  0100100000011001 (  16)                 JSR   DIVID
(3006) F025  1111000000100101 (  17)                 TRAP  x25
(3007) 54A0  0101010010100000 (  20) MULT            AND   R2 R2 #0
(3008) 14A1  0001010010100001 (  21)                 ADD   R2 R2 #1
(3009) 1020  0001000000100000 (  23)                 ADD   R0 R0 #0
(300A) 0602  0000011000000010 (  24)                 BRZP  YCHECK
(300B) 94BF  1001010010111111 (  25)                 NOT   R2 R2
(300C) 14A1  0001010010100001 (  26)                 ADD   R2 R2 #1
(300D) 1260  0001001001100000 (  28) YCHECK          ADD   R1 R1 #0
(300E) 0204  0000001000000100 (  29)                 BRP   XYPOS
(300F) 040C  0000010000001100 (  30)                 BRZ   isZERO
(3010) 94BF  1001010010111111 (  31)                 NOT   R2 R2
(3011) 14A1  0001010010100001 (  32)                 ADD   R2 R2 #1
(3012) 56E0  0101011011100000 (  34)                 AND   R3 R3 #0
(3013) 16C0  0001011011000000 (  37) XYPOS           ADD   R3 R3 R0
(3014) 127F  0001001001111111 (  38)                 ADD   R1 R1 #-1
(3015) 03FD  0000001111111101 (  39)                 BRP   XYPOS
(3016) 54A0  0101010010100000 (  41)                 AND   R2 R2 #0
(3017) 0801  0000100000000001 (  42)                 BRN   negPROD
(3018) 0E04  0000111000000100 (  43)                 BRNZP SKIP
(3019) 96FF  1001011011111111 (  45) negPROD         NOT   R3 R3
(301A) 16E1  0001011011100001 (  46)                 ADD   R3 R3 #1
(301B) 0E01  0000111000000001 (  47)                 BRNZP SKIP
(301C) 56E0  0101011011100000 (  49) isZERO          AND   R3 R3 #0
(301D) B619  1011011000011001 (  51) SKIP            STI   R3 ProdXY
(301E) C1C0  1100000111000000 (  52)                 RET   
(301F) 54A0  0101010010100000 (  54) DIVID           AND   R2 R2 #0
(3020) 56E0  0101011011100000 (  55)                 AND   R3 R3 #0
(3021) 1020  0001000000100000 (  56)                 ADD   R0 R0 #0
(3022) 080D  0000100000001101 (  57)                 BRN   nFAIL
(3023) 1260  0001001001100000 (  58)                 ADD   R1 R1 #0
(3024) 0C0B  0000110000001011 (  59)                 BRNZ  nFAIL
(3025) 1900  0001100100000000 (  61)                 ADD   R4 R4 R0
(3026) 5B60  0101101101100000 (  63) DIVLP           AND   R5 R5 #0
(3027) 9A7F  1001101001111111 (  64)                 NOT   R5 R1
(3028) 1B61  0001101101100001 (  65)                 ADD   R5 R5 #1
(3029) 1B44  0001101101000100 (  66)                 ADD   R5 R5 R4
(302A) 0807  0000100000000111 (  67)                 BRN   Success
(302B) 9A7F  1001101001111111 (  69)                 NOT   R5 R1
(302C) 1B61  0001101101100001 (  70)                 ADD   R5 R5 #1
(302D) 1905  0001100100000101 (  71)                 ADD   R4 R4 R5
(302E) 14A1  0001010010100001 (  72)                 ADD   R2 R2 #1
(302F) 0FF6  0000111111110110 (  73)                 BRNZP DIVLP
(3030) B407  1011010000000111 (  75) nFAIL           STI   R2 QuotXY
(3031) B607  1011011000000111 (  76)                 STI   R3 ModXY
(3032) B405  1011010000000101 (  78) Success         STI   R2 QuotXY
(3033) B605  1011011000000101 (  79)                 STI   R3 ModXY
(3034) C1C0  1100000111000000 (  81)                 RET   
(3035) 3100  0011000100000000 (  83) X               .FILL x3100
(3036) 3101  0011000100000001 (  84) Y               .FILL x3101
(3037) 3102  0011000100000010 (  85) ProdXY          .FILL x3102
(3038) 3103  0011000100000011 (  86) QuotXY          .FILL x3103
(3039) 3104  0011000100000100 (  87) ModXY           .FILL x3104
