(0000) 3000  0011000000000000 (  10)                 .ORIG x3000
(3000) A221  1010001000100001 (  11)                 LDI   R1 X
(3001) A421  1010010000100001 (  12)                 LDI   R2 Y
(3002) 98BF  1001100010111111 (  15)                 NOT   R4 R2
(3003) 1921  0001100100100001 (  16)                 ADD   R4 R4 #1
(3004) 1644  0001011001000100 (  17)                 ADD   R3 R1 R4
(3005) B61E  1011011000011110 (  18)                 STI   R3 SUB
(3006) 1660  0001011001100000 (  21)                 ADD   R3 R1 #0
(3007) 0602  0000011000000010 (  22)                 BRZP  ZPX
(3008) 96FF  1001011011111111 (  23)                 NOT   R3 R3
(3009) 16E1  0001011011100001 (  24)                 ADD   R3 R3 #1
(300A) B61A  1011011000011010 (  25) ZPX             STI   R3 ABSX
(300B) 18A0  0001100010100000 (  28)                 ADD   R4 R2 #0
(300C) 0602  0000011000000010 (  29)                 BRZP  ZPY
(300D) 993F  1001100100111111 (  30)                 NOT   R4 R4
(300E) 1921  0001100100100001 (  31)                 ADD   R4 R4 #1
(300F) B816  1011100000010110 (  32) ZPY             STI   R4 ABSY
(3010) 1120  0001000100100000 (  35)                 ADD   R0 R4 #0
(3011) 9B3F  1001101100111111 (  36)                 NOT   R5 R4
(3012) 1B61  0001101101100001 (  37)                 ADD   R5 R5 #1
(3013) 1AC5  0001101011000101 (  38)                 ADD   R5 R3 R5
(3014) 1D60  0001110101100000 (  40)                 ADD   R6 R5 #0
(3015) 0405  0000010000000101 (  41)                 BRZ   EQ
(3016) 1D60  0001110101100000 (  42)                 ADD   R6 R5 #0
(3017) 0205  0000001000000101 (  43)                 BRP   GR
(3018) 1D60  0001110101100000 (  44)                 ADD   R6 R5 #0
(3019) 0805  0000100000000101 (  45)                 BRN   LE
(301A) 0E05  0000111000000101 (  47)                 BRNZP SKIP
(301B) 1FE0  0001111111100000 (  48) EQ              ADD   R7 R7 #0
(301C) 0E03  0000111000000011 (  49)                 BRNZP SKIP
(301D) 1FE1  0001111111100001 (  50) GR              ADD   R7 R7 #1
(301E) 0E01  0000111000000001 (  51)                 BRNZP SKIP
(301F) 1FE2  0001111111100010 (  52) LE              ADD   R7 R7 #2
(3020) BE06  1011111000000110 (  54) SKIP            STI   R7 Z
(3021) F025  1111000000100101 (  56)                 TRAP  x25
(3022) 3120  0011000100100000 (  58) X               .FILL x3120
(3023) 3121  0011000100100001 (  59) Y               .FILL x3121
(3024) 3122  0011000100100010 (  60) SUB             .FILL x3122
(3025) 3123  0011000100100011 (  61) ABSX            .FILL x3123
(3026) 3124  0011000100100100 (  62) ABSY            .FILL x3124
(3027) 3125  0011000100100101 (  63) Z               .FILL x3125
