(0000) 3000  0011000000000000 (   1)                 .ORIG x3000
(3000) A226  1010001000100110 (   2)                 LDI   R1 n
(3001) 147E  0001010001111110 (   4)                 ADD   R2 R1 #-2
(3002) 0C01  0000110000000001 (   5)                 BRNZ  FONE
(3003) 0E03  0000111000000011 (   6)                 BRNZP ELSE
(3004) 54A0  0101010010100000 (   8) FONE            AND   R2 R2 #0
(3005) 14A1  0001010010100001 (   9)                 ADD   R2 R2 #1
(3006) 0E0E  0000111000001110 (  10)                 BRNZP AFTER
(3007) 54A0  0101010010100000 (  12) ELSE            AND   R2 R2 #0
(3008) 14A1  0001010010100001 (  14)                 ADD   R2 R2 #1
(3009) 16E1  0001011011100001 (  15)                 ADD   R3 R3 #1
(300A) 5B60  0101101101100000 (  17)                 AND   R5 R5 #0
(300B) 1B63  0001101101100011 (  18)                 ADD   R5 R5 #3
(300C) 18C2  0001100011000010 (  20) LOOP            ADD   R4 R3 R2
(300D) 14E0  0001010011100000 (  22)                 ADD   R2 R3 #0
(300E) 1720  0001011100100000 (  23)                 ADD   R3 R4 #0
(300F) 9D7F  1001110101111111 (  25)                 NOT   R6 R5
(3010) 1DA1  0001110110100001 (  26)                 ADD   R6 R6 #1
(3011) 1C46  0001110001000110 (  27)                 ADD   R6 R1 R6
(3012) 0C02  0000110000000010 (  28)                 BRNZ  AFTER
(3013) 1B61  0001101101100001 (  29)                 ADD   R5 R5 #1
(3014) 0FF7  0000111111110111 (  31)                 BRNZP LOOP
(3015) B812  1011100000010010 (  33) AFTER           STI   R4 FN
(3016) 54A0  0101010010100000 (  35)                 AND   R2 R2 #0
(3017) 56E0  0101011011100000 (  36)                 AND   R3 R3 #0
(3018) 14A1  0001010010100001 (  38)                 ADD   R2 R2 #1
(3019) 16E1  0001011011100001 (  39)                 ADD   R3 R3 #1
(301A) 5B60  0101101101100000 (  41)                 AND   R5 R5 #0
(301B) 1B62  0001101101100010 (  42)                 ADD   R5 R5 #2
(301C) 5920  0101100100100000 (  44)                 AND   R4 R4 #0
(301D) 18C2  0001100011000010 (  46) LOOP2           ADD   R4 R3 R2
(301E) 0805  0000100000000101 (  47)                 BRN   FNDIT
(301F) 1EC2  0001111011000010 (  49)                 ADD   R7 R3 R2
(3020) 14E0  0001010011100000 (  50)                 ADD   R2 R3 #0
(3021) 1720  0001011100100000 (  51)                 ADD   R3 R4 #0
(3022) 1B61  0001101101100001 (  52)                 ADD   R5 R5 #1
(3023) 0FF9  0000111111111001 (  53)                 BRNZP LOOP2
(3024) BA04  1011101000000100 (  55) FNDIT           STI   R5 Ln
(3025) BE04  1011111000000100 (  56)                 STI   R7 LFN
(3026) F025  1111000000100101 (  58)                 TRAP  x25
(3027) 3100  0011000100000000 (  60) n               .FILL x3100
(3028) 3101  0011000100000001 (  61) FN              .FILL x3101
(3029) 3102  0011000100000010 (  62) Ln              .FILL x3102
(302A) 3103  0011000100000011 (  63) LFN             .FILL x3103
