(0000) 0300  0000001100000000 (   1)                 .ORIG x0300
(0300) E014  1110000000010100 (   2) BEGIN           LEA   R0 PROMPT
(0301) F022  1111000000100010 (   3)                 TRAP  x22
(0302) F020  1111000000100000 (   4)                 TRAP  x20
(0303) 1620  0001011000100000 (   5)                 ADD   R3 R0 #0
(0304) 16F0  0001011011110000 (   7)                 ADD   R3 R3 #-16
(0305) 16F0  0001011011110000 (   8)                 ADD   R3 R3 #-16
(0306) 16F0  0001011011110000 (   9)                 ADD   R3 R3 #-16
(0307) 5920  0101100100100000 (  11)                 AND   R4 R4 #0
(0308) 18FA  0001100011111010 (  12)                 ADD   R4 R3 #-6
(0309) 020A  0000001000001010 (  13)                 BRP   ENDGAME
(030A) E031  1110000000110001 (  15)                 LEA   R0 DAYS
(030B) 16E0  0001011011100000 (  16)                 ADD   R3 R3 #0
(030C) 0403  0000010000000011 (  18) LOOP            BRZ   DISPLAY
(030D) 102A  0001000000101010 (  19)                 ADD   R0 R0 #10
(030E) 16FF  0001011011111111 (  20)                 ADD   R3 R3 #-1
(030F) 0FFC  0000111111111100 (  21)                 BRNZP LOOP
(0310) F022  1111000000100010 (  23) DISPLAY         TRAP  x22
(0311) E070  1110000001110000 (  24)                 LEA   R0 LF
(0312) F022  1111000000100010 (  25)                 TRAP  x22
(0313) 0FEC  0000111111101100 (  27)                 BRNZP BEGIN
(0314) F025  1111000000100101 (  29) ENDGAME         TRAP  x25
(0315) 0050  0000000001010000 (  30) PROMPT          .FILL x0050
(0316) 006C  0000000001101100 (  30)                 .FILL x006C
(0317) 0065  0000000001100101 (  30)                 .FILL x0065
(0318) 0061  0000000001100001 (  30)                 .FILL x0061
(0319) 0073  0000000001110011 (  30)                 .FILL x0073
(031A) 0065  0000000001100101 (  30)                 .FILL x0065
(031B) 0020  0000000000100000 (  30)                 .FILL x0020
(031C) 0065  0000000001100101 (  30)                 .FILL x0065
(031D) 006E  0000000001101110 (  30)                 .FILL x006E
(031E) 0074  0000000001110100 (  30)                 .FILL x0074
(031F) 0065  0000000001100101 (  30)                 .FILL x0065
(0320) 0072  0000000001110010 (  30)                 .FILL x0072
(0321) 0020  0000000000100000 (  30)                 .FILL x0020
(0322) 0061  0000000001100001 (  30)                 .FILL x0061
(0323) 0020  0000000000100000 (  30)                 .FILL x0020
(0324) 006E  0000000001101110 (  30)                 .FILL x006E
(0325) 0075  0000000001110101 (  30)                 .FILL x0075
(0326) 006D  0000000001101101 (  30)                 .FILL x006D
(0327) 0062  0000000001100010 (  30)                 .FILL x0062
(0328) 0065  0000000001100101 (  30)                 .FILL x0065
(0329) 0072  0000000001110010 (  30)                 .FILL x0072
(032A) 0020  0000000000100000 (  30)                 .FILL x0020
(032B) 0062  0000000001100010 (  30)                 .FILL x0062
(032C) 0065  0000000001100101 (  30)                 .FILL x0065
(032D) 0074  0000000001110100 (  30)                 .FILL x0074
(032E) 0077  0000000001110111 (  30)                 .FILL x0077
(032F) 0065  0000000001100101 (  30)                 .FILL x0065
(0330) 0065  0000000001100101 (  30)                 .FILL x0065
(0331) 006E  0000000001101110 (  30)                 .FILL x006E
(0332) 0020  0000000000100000 (  30)                 .FILL x0020
(0333) 0030  0000000000110000 (  30)                 .FILL x0030
(0334) 0020  0000000000100000 (  30)                 .FILL x0020
(0335) 0061  0000000001100001 (  30)                 .FILL x0061
(0336) 006E  0000000001101110 (  30)                 .FILL x006E
(0337) 0064  0000000001100100 (  30)                 .FILL x0064
(0338) 0020  0000000000100000 (  30)                 .FILL x0020
(0339) 0036  0000000000110110 (  30)                 .FILL x0036
(033A) 003A  0000000000111010 (  30)                 .FILL x003A
(033B) 0000  0000000000000000 (  30)                 .FILL x0000
(033C) 0053  0000000001010011 (  31) DAYS            .FILL x0053
(033D) 0075  0000000001110101 (  31)                 .FILL x0075
(033E) 006E  0000000001101110 (  31)                 .FILL x006E
(033F) 0064  0000000001100100 (  31)                 .FILL x0064
(0340) 0061  0000000001100001 (  31)                 .FILL x0061
(0341) 0079  0000000001111001 (  31)                 .FILL x0079
(0342) 0020  0000000000100000 (  31)                 .FILL x0020
(0343) 0020  0000000000100000 (  31)                 .FILL x0020
(0344) 0020  0000000000100000 (  31)                 .FILL x0020
(0345) 0000  0000000000000000 (  31)                 .FILL x0000
(0346) 004D  0000000001001101 (  32)                 .FILL x004D
(0347) 006F  0000000001101111 (  32)                 .FILL x006F
(0348) 006E  0000000001101110 (  32)                 .FILL x006E
(0349) 0064  0000000001100100 (  32)                 .FILL x0064
(034A) 0061  0000000001100001 (  32)                 .FILL x0061
(034B) 0079  0000000001111001 (  32)                 .FILL x0079
(034C) 0020  0000000000100000 (  32)                 .FILL x0020
(034D) 0020  0000000000100000 (  32)                 .FILL x0020
(034E) 0020  0000000000100000 (  32)                 .FILL x0020
(034F) 0000  0000000000000000 (  32)                 .FILL x0000
(0350) 0054  0000000001010100 (  33)                 .FILL x0054
(0351) 0075  0000000001110101 (  33)                 .FILL x0075
(0352) 0065  0000000001100101 (  33)                 .FILL x0065
(0353) 0073  0000000001110011 (  33)                 .FILL x0073
(0354) 0061  0000000001100001 (  33)                 .FILL x0061
(0355) 0064  0000000001100100 (  33)                 .FILL x0064
(0356) 0061  0000000001100001 (  33)                 .FILL x0061
(0357) 0079  0000000001111001 (  33)                 .FILL x0079
(0358) 0020  0000000000100000 (  33)                 .FILL x0020
(0359) 0000  0000000000000000 (  33)                 .FILL x0000
(035A) 0057  0000000001010111 (  34)                 .FILL x0057
(035B) 0065  0000000001100101 (  34)                 .FILL x0065
(035C) 0064  0000000001100100 (  34)                 .FILL x0064
(035D) 006E  0000000001101110 (  34)                 .FILL x006E
(035E) 0065  0000000001100101 (  34)                 .FILL x0065
(035F) 0073  0000000001110011 (  34)                 .FILL x0073
(0360) 0064  0000000001100100 (  34)                 .FILL x0064
(0361) 0061  0000000001100001 (  34)                 .FILL x0061
(0362) 0079  0000000001111001 (  34)                 .FILL x0079
(0363) 0000  0000000000000000 (  34)                 .FILL x0000
(0364) 0054  0000000001010100 (  35)                 .FILL x0054
(0365) 0068  0000000001101000 (  35)                 .FILL x0068
(0366) 0075  0000000001110101 (  35)                 .FILL x0075
(0367) 0072  0000000001110010 (  35)                 .FILL x0072
(0368) 0073  0000000001110011 (  35)                 .FILL x0073
(0369) 0064  0000000001100100 (  35)                 .FILL x0064
(036A) 0061  0000000001100001 (  35)                 .FILL x0061
(036B) 0079  0000000001111001 (  35)                 .FILL x0079
(036C) 0020  0000000000100000 (  35)                 .FILL x0020
(036D) 0000  0000000000000000 (  35)                 .FILL x0000
(036E) 0046  0000000001000110 (  36)                 .FILL x0046
(036F) 0072  0000000001110010 (  36)                 .FILL x0072
(0370) 0069  0000000001101001 (  36)                 .FILL x0069
(0371) 0064  0000000001100100 (  36)                 .FILL x0064
(0372) 0061  0000000001100001 (  36)                 .FILL x0061
(0373) 0079  0000000001111001 (  36)                 .FILL x0079
(0374) 0020  0000000000100000 (  36)                 .FILL x0020
(0375) 0020  0000000000100000 (  36)                 .FILL x0020
(0376) 0020  0000000000100000 (  36)                 .FILL x0020
(0377) 0000  0000000000000000 (  36)                 .FILL x0000
(0378) 0053  0000000001010011 (  37)                 .FILL x0053
(0379) 0061  0000000001100001 (  37)                 .FILL x0061
(037A) 0074  0000000001110100 (  37)                 .FILL x0074
(037B) 0075  0000000001110101 (  37)                 .FILL x0075
(037C) 0072  0000000001110010 (  37)                 .FILL x0072
(037D) 0064  0000000001100100 (  37)                 .FILL x0064
(037E) 0061  0000000001100001 (  37)                 .FILL x0061
(037F) 0079  0000000001111001 (  37)                 .FILL x0079
(0380) 0020  0000000000100000 (  37)                 .FILL x0020
(0381) 0000  0000000000000000 (  37)                 .FILL x0000
(0382) 000A  0000000000001010 (  38) LF              .FILL x000A
